<?xml version="1.0" encoding="UTF-8"?>
<!-- Generated by org.testng.reporters.JUnitReportReporter -->
<testsuite skipped="0" hostname="hp" name="com.leaftaps.testcases.TC001_CreateLead" tests="1" failures="0" timestamp="2023-03-04T18:13:15 IST" time="15.747" errors="0">
  <testcase name="runCreateLead" time="15.747" classname="com.leaftaps.testcases.TC001_CreateLead"/>
  <system-out/>
</testsuite> <!-- com.leaftaps.testcases.TC001_CreateLead -->
